
ROM used:   6228/131072 (5%)
            6228/131072 (5%) including unused fragments

            1.6 Average locations per line
            10.9 Average locations per statement

RAM used:   200/3615 (6%) at main() level
            219/3615 (6%) worst case

Stack used: 6 worst case (4 in main + 2 for interrupts)
Stack size: 30

Lines Stmts  %   Files
----- ----- ---  -----
  818   368  64  Main.c
 2074     0   0  ..\..\..\..\..\..\..\Program Files (x86)\PICC\devices\18F47Q10.h
   57    15   3  ComINF.c
   23     0   0  ComINF.h
  109    50   9  DFPlayer.c
   22     0   0  DFPlayer.h
   15     6   1  ComXLR8.c
   10     0   0  ComXLR8.h
   57    23   4  ComDisplay.c
   19     0   0  ComDisplay.h
   22     6   1  ComFeux.c
   13     0   0  ComFeux.h
   32    11   2  I2C.c
   20     0   0  I2C.h
  161    55  10  I2C2.c
   45     0   0  I2C2.h
   75    39   7  ws2812.c
   22     0   0  ws2812.h
  195     0   0  ..\..\..\..\..\..\..\Program Files (x86)\PICC\drivers\stdint.h
----- -----
 3789   573 Total

Page ROM  %  RAM    Vol Diff  Functions:
---- --- --- ---    --- ----  ----------
0     14   0    0             @PUTCHARI_BIU_1
0     64   1    5     80  1.8  ComINF_MessageInfo
0    176   1    9             @PRINTF_LU_9600_31856_31857
0     40   0    3             @DIV88
0    196   2    6             @PRINTF_D0_9600_31856_31857
0     90   1    3    294  4.9  Rx_Da_INT
0     16   0    0     32  1.0  DFPlayer_Init
0     30   0    0    265  2.3  DFPlayer_NextSong
0     30   0    2    305  2.4  DFPlayer_SetVolume
0     30   0    2    305  2.4  DFPlayer_PlaySongNb
0     44   0    2    125  3.4  DFPlayer_SendData
0     34   0    1    111  1.3  startXLR8
0     42   0    2    163  3.1  ComDisplay_Time
0    194   2    6             @PRINTF_D0_9600_31852_31850
0     40   0    1    106  2.3  ComDisplay_Mode
0      6   0    0             @const1053
0     46   0    3             @PSTRINGC_9600_31852_31850
0      6   0    0             @const1058
0    100   1    1    252  2.7  ComDisplay_Color
0      6   0    0             @const1059
0      6   0    0             @const1060
0      6   0    0             @const1061
0      6   0    0             @const1062
0      6   0    0             @const1063
0     64   1    6    156  2.2  ComFeuAllume
0    194   2    6             @PRINTF_D_9600_31852_31850
0     36   0    1     90  1.4  ComFeuAnim
0      8   0    0             @const1077
0      8   0    0             @const1078
0    108   1    1             @I2C_WRITE_129
0     88   1    2    113  2.0  mcp23017_write
0     16   0    0     50  1.5  setup_mcp23017
0     14   0    0     37  1.3  set_gpb7_high
0     12   0    0     44  0.7  set_gpb7_low
0    108   1    1             @I2C_WRITE_130
0     88   1    2    113  2.0  mcp23017_write_2
0     18   0    0     50  1.5  bonus_activator
0     16   0    0     56  1.9  activate_bonus_1_lever
0     16   0    0     56  1.9  deactivate_bonus_1_lever
0     18   0    0     56  1.9  activate_bonus_2_lever
0     16   0    0     56  1.9  deactivate_bonus_2_lever
0     18   0    0     56  1.9  activate_bonus_3_lever
0     16   0    0     56  1.9  deactivate_bonus_3_lever
0     18   0    0     56  1.9  activate_bonus_4_elevator
0     16   0    0     56  1.9  deactivate_bonus_4_elevator
0     18   0    0     56  1.9  activate_bonus_5_elevator
0     16   0    0     56  1.9  deactivate_bonus_5_elevator
0     18   0    0     56  1.9  activate_bonus_6_blower
0     16   0    0     56  1.9  deactivate_bonus_6_blower
0     18   0    0     56  1.9  activate_bonus_7_blower
0     16   0    0     56  1.9  deactivate_bonus_7_blower
0     16   0    0     56  1.9  activate_bonus_8_startBlower
0     16   0    0     59  1.5  deactivate_bonus_8_startBlower
0     40   0    1             @delay_ms2
0     42   0    1    197  2.3  ws2812_sendBit
0     42   0    3    122  3.9  ws2812_sendByte
0     22   0    3     90  1.8  ws2812_sendColor
0     76   1   11    246  4.6  ws2812_showAll
0    100   1    2    236  3.6  Timer0_ISR
0     66   1    5             @DIV1616
0     52   0    1    300  3.2  select_multiplexer_channel
0     40   0    0             @goto32904
0   3208  26   33  16092 13.3  MAIN
0     32   0    5             @MUL1616
0     48   0    0             @goto33235
 Inline         0             @cinit1

Program metrics:
    Functions               42
    Statements              573
    Comments                707
    Volume (V)              29161
    Difficulty (D)          115.4
    Effort to implement (E) 3364647
    Time to implement (T)   51 hours, 55 minutes
    Est Delivered Bugs (B)  7
    Cyclomatic Complexity   64
    Maintainability (MI)    98

 Segment     Used  Free
-----------  ----  ----
00000-00004     6  0  
00006-00006     0  2  
00008-000CA   196  0  
000CC-0FFFE  6026  59306  
10000-1FFFE     0  65536  



